<?xml version="1.0" encoding="UTF-8"?>
<!-- Generated by org.testng.reporters.JUnitReportReporter -->
<testsuite hostname="QT-INBG-LT0250" failures="0" tests="1" name="com.signin.signup.AllMobilee" time="28.855" errors="0" timestamp="2022-09-19T12:05:46 IST" skipped="0">
  <testcase classname="com.signin.signup.AllMobilee" name="allmobiles" time="28.855"/>
  <system-out/>
</testsuite> <!-- com.signin.signup.AllMobilee -->
